[2021-12-02 22:53:31,053] [main] [DesafiounoApplication:48] [INFO  ] -> Starting DesafiounoApplication v1.0-devruz on LAPTOP-4KJHD13S with PID 6652 (C:\ProjectsSts\desafiouno\target\desafiouno-1.0-devruz.jar started by uzcat in C:\ProjectsSts\desafiouno)
[2021-12-02 22:53:31,059] [main] [DesafiounoApplication:51] [DEBUG ] -> Running with Spring Boot v1.5.9.RELEASE, Spring v4.3.13.RELEASE
[2021-12-02 22:53:31,059] [main] [DesafiounoApplication:593] [INFO  ] -> No active profile set, falling back to default profiles: default
[2021-12-02 22:53:31,110] [main] [AnnotationConfigEmbeddedWebApplicationContext:583] [INFO  ] -> Refreshing org.springframework.boot.context.embedded.AnnotationConfigEmbeddedWebApplicationContext@ed17bee: startup date [Thu Dec 02 22:53:31 CLST 2021]; root of context hierarchy
[2021-12-02 22:53:31,410] [background-preinit] [Version:30] [INFO  ] -> HV000001: Hibernate Validator 5.3.6.Final
[2021-12-02 22:53:32,978] [main] [TomcatEmbeddedServletContainer:89] [INFO  ] -> Tomcat initialized with port(s): 8686 (http)
[2021-12-02 22:53:32,992] [main] [StandardService:179] [INFO  ] -> Starting service [Tomcat]
[2021-12-02 22:53:32,994] [main] [StandardEngine:179] [INFO  ] -> Starting Servlet Engine: Apache Tomcat/8.5.23
[2021-12-02 22:53:33,087] [localhost-startStop-1] [[/]:179] [INFO  ] -> Initializing Spring embedded WebApplicationContext
[2021-12-02 22:53:33,088] [localhost-startStop-1] [ContextLoader:276] [INFO  ] -> Root WebApplicationContext: initialization completed in 1980 ms
[2021-12-02 22:53:33,194] [localhost-startStop-1] [ServletRegistrationBean:190] [INFO  ] -> Mapping servlet: 'dispatcherServlet' to [/]
[2021-12-02 22:53:33,199] [localhost-startStop-1] [FilterRegistrationBean:258] [INFO  ] -> Mapping filter: 'characterEncodingFilter' to: [/*]
[2021-12-02 22:53:33,536] [main] [RequestMappingHandlerMapping:543] [INFO  ] -> Mapped "{[/periodos/completar],methods=[GET],produces=[application/json]}" onto public org.springframework.http.ResponseEntity<com.devru.desafiouno.dto.Periodo> com.devru.desafiouno.rest.PeriodosController.completarPeriodos()
[2021-12-02 22:53:33,540] [main] [RequestMappingHandlerMapping:543] [INFO  ] -> Mapped "{[/swagger-resources/configuration/security]}" onto public org.springframework.http.ResponseEntity<springfox.documentation.swagger.web.SecurityConfiguration> springfox.documentation.swagger.web.ApiResourceController.securityConfiguration()
[2021-12-02 22:53:33,542] [main] [RequestMappingHandlerMapping:543] [INFO  ] -> Mapped "{[/swagger-resources/configuration/ui]}" onto public org.springframework.http.ResponseEntity<springfox.documentation.swagger.web.UiConfiguration> springfox.documentation.swagger.web.ApiResourceController.uiConfiguration()
[2021-12-02 22:53:33,543] [main] [RequestMappingHandlerMapping:543] [INFO  ] -> Mapped "{[/swagger-resources]}" onto public org.springframework.http.ResponseEntity<java.util.List<springfox.documentation.swagger.web.SwaggerResource>> springfox.documentation.swagger.web.ApiResourceController.swaggerResources()
[2021-12-02 22:53:33,545] [main] [RequestMappingHandlerMapping:543] [INFO  ] -> Mapped "{[/error]}" onto public org.springframework.http.ResponseEntity<java.util.Map<java.lang.String, java.lang.Object>> org.springframework.boot.autoconfigure.web.BasicErrorController.error(javax.servlet.http.HttpServletRequest)
[2021-12-02 22:53:33,546] [main] [RequestMappingHandlerMapping:543] [INFO  ] -> Mapped "{[/error],produces=[text/html]}" onto public org.springframework.web.servlet.ModelAndView org.springframework.boot.autoconfigure.web.BasicErrorController.errorHtml(javax.servlet.http.HttpServletRequest,javax.servlet.http.HttpServletResponse)
[2021-12-02 22:53:33,668] [main] [PropertySourcedRequestMappingHandlerMapping:69] [INFO  ] -> Mapped URL path [/v2/api-docs] onto method [public org.springframework.http.ResponseEntity<springfox.documentation.spring.web.json.Json> springfox.documentation.swagger2.web.Swagger2Controller.getDocumentation(java.lang.String,javax.servlet.http.HttpServletRequest)]
[2021-12-02 22:53:33,707] [main] [SimpleUrlHandlerMapping:362] [INFO  ] -> Mapped URL path [/swagger-ui.html] onto handler of type [class org.springframework.web.servlet.resource.ResourceHttpRequestHandler]
[2021-12-02 22:53:33,708] [main] [SimpleUrlHandlerMapping:362] [INFO  ] -> Mapped URL path [/webjars/**] onto handler of type [class org.springframework.web.servlet.resource.ResourceHttpRequestHandler]
[2021-12-02 22:53:33,770] [main] [RequestMappingHandlerAdapter:534] [INFO  ] -> Looking for @ControllerAdvice: org.springframework.boot.context.embedded.AnnotationConfigEmbeddedWebApplicationContext@ed17bee: startup date [Thu Dec 02 22:53:31 CLST 2021]; root of context hierarchy
[2021-12-02 22:53:34,108] [main] [AnnotationMBeanExporter:431] [INFO  ] -> Registering beans for JMX exposure on startup
[2021-12-02 22:53:34,115] [main] [DefaultLifecycleProcessor:343] [INFO  ] -> Starting beans in phase 2147483647
[2021-12-02 22:53:34,115] [main] [DocumentationPluginsBootstrapper:160] [INFO  ] -> Context refreshed
[2021-12-02 22:53:34,152] [main] [DocumentationPluginsBootstrapper:163] [INFO  ] -> Found 1 custom documentation plugin(s)
[2021-12-02 22:53:34,190] [main] [ApiListingReferenceScanner:41] [INFO  ] -> Scanning for api listing references
[2021-12-02 22:53:34,412] [main] [Http11NioProtocol:179] [INFO  ] -> Initializing ProtocolHandler ["http-nio-8686"]
[2021-12-02 22:53:34,422] [main] [Http11NioProtocol:179] [INFO  ] -> Starting ProtocolHandler ["http-nio-8686"]
[2021-12-02 22:53:34,432] [main] [NioSelectorPool:179] [INFO  ] -> Using a shared selector for servlet write/read
[2021-12-02 22:53:34,453] [main] [TomcatEmbeddedServletContainer:201] [INFO  ] -> Tomcat started on port(s): 8686 (http)
[2021-12-02 22:53:34,458] [main] [DesafiounoApplication:57] [INFO  ] -> Started DesafiounoApplication in 3.783 seconds (JVM running for 4.472)
[2021-12-02 22:54:25,153] [Thread-3] [AnnotationConfigEmbeddedWebApplicationContext:984] [INFO  ] -> Closing org.springframework.boot.context.embedded.AnnotationConfigEmbeddedWebApplicationContext@ed17bee: startup date [Thu Dec 02 22:53:31 CLST 2021]; root of context hierarchy
